0 info it worked if it ends with ok
1 verbose cli [ 'node', '/usr/local/bin/npm', 'run', 'server' ]
2 info using npm@2.0.2
3 info using node@v0.10.32
4 verbose node symlink /usr/local/bin/node
5 verbose run-script [ 'preserver', 'server', 'postserver' ]
6 info preserver swagger-doc@1.0.0
7 info server swagger-doc@1.0.0
8 verbose unsafe-perm in lifecycle true
9 info swagger-doc@1.0.0 Failed to exec server script
10 verbose stack Error: swagger-doc@1.0.0 server: `node node_modules/http-server/bin/http-server ./ -p 8888 --cors`
10 verbose stack Exit status 8
10 verbose stack     at ChildProcess.<anonymous> (/usr/local/lib/node_modules/npm/lib/utils/lifecycle.js:212:16)
10 verbose stack     at ChildProcess.emit (events.js:98:17)
10 verbose stack     at maybeClose (child_process.js:756:16)
10 verbose stack     at Process.ChildProcess._handle.onexit (child_process.js:823:5)
11 verbose pkgid swagger-doc@1.0.0
12 verbose cwd /Users/wchegham/Sandbox/dev/devoxx-2015/documentation
13 error Darwin 14.1.0
14 error argv "node" "/usr/local/bin/npm" "run" "server"
15 error node v0.10.32
16 error npm  v2.0.2
17 error code ELIFECYCLE
18 error swagger-doc@1.0.0 server: `node node_modules/http-server/bin/http-server ./ -p 8888 --cors`
18 error Exit status 8
19 error Failed at the swagger-doc@1.0.0 server script.
19 error This is most likely a problem with the swagger-doc package,
19 error not with npm itself.
19 error Tell the author that this fails on your system:
19 error     node node_modules/http-server/bin/http-server ./ -p 8888 --cors
19 error You can get their info via:
19 error     npm owner ls swagger-doc
19 error There is likely additional logging output above.
20 verbose exit [ 1, true ]
